<?xml version="1.0" encoding="UTF-8" ?>
<testsuite errors="0" failures="0" hostname="svoboda" name="SemaphoreImplTest" skipped="0" tests="6" time="1.112" timestamp="2016-04-22T18:46:50">
  <properties>
[...]
</properties>
  <testcase classname="SemaphoreImplTest" name="testAcquireAmount" time="0.006" />
  <testcase classname="SemaphoreImplTest" name="testAcquire" time="0.001" />
  <testcase classname="SemaphoreImplTest" name="testHundredThreads" time="0.003" />
  <testcase classname="SemaphoreImplTest" name="testReleaseAmount" time="0.001" />
  <testcase classname="SemaphoreImplTest" name="testRelease" time="0.001" />
  <testcase classname="SemaphoreImplTest" name="testGetAvailablePermits" time="1.009" />
  <system-out><![CDATA[ Test Acquire (5) 
 Test Acquire 
Hundred Thread Test 
Thread-0 Waiting
Thread-0 working ! 
Thread-0 end !
Thread-2 Waiting
Thread-5 Waiting
Thread-2 working ! 
Thread-1 Waiting
Thread-2 end !
Thread-1 working ! 
Thread-4 Waiting
Thread-1 end !
Thread-3 Waiting
Thread-4 working ! 
Thread-3 working ! 
Thread-4 end !
Thread-3 end !
Thread-5 working ! 
Thread-5 end !
Thread-7 Waiting
Thread-7 working ! 
Thread-7 end !
Thread-9 Waiting
Thread-9 working ! 
Thread-9 end !
Thread-11 Waiting
Thread-11 working ! 
Thread-11 end !
Thread-13 Waiting
Thread-13 working ! 
Thread-13 end !
Thread-15 Waiting
Thread-15 working ! 
Thread-15 end !
Thread-16 Waiting
Thread-16 working ! 
Thread-16 end !
Thread-6 Waiting
Thread-17 Waiting
Thread-8 Waiting
Thread-17 working ! 
Thread-18 Waiting
Thread-17 end !
Thread-18 working ! 
Thread-19 Waiting
Thread-8 working ! 
Thread-19 working ! 
Thread-8 end !
Thread-19 end !
Thread-6 working ! 
Thread-14 Waiting
Thread-6 end !
Thread-14 working ! 
Thread-12 Waiting
Thread-14 end !
Thread-12 working ! 
Thread-12 end !
Thread-10 Waiting
Thread-10 working ! 
 Test Release (10) 
Thread-10 end !
Thread-18 end !
Test Release
GetPermitsTest
Thread-21Waiting
Thread-22Waiting
Thread-20Waiting
Thread-21 working ! 
Thread-22 working ! 
Thread-20 working ! 
Thread-23Waiting
Thread-23 working ! 
]]></system-out>
  <system-err><![CDATA[]]></system-err>
</testsuite>
