<?xml version="1.0" encoding="UTF-8" ?>
<testsuite tests="5" failures="0" name="ua.goit.calculator.CalculatorTest" time="0.007" errors="0" skipped="0">
  <properties>
[...]
</properties>
  <testcase classname="ua.goit.calculator.CalculatorTest" name="testNoDataType" time="0.006"/>
  <testcase classname="ua.goit.calculator.CalculatorTest" name="testFloat" time="0.001"/>
  <testcase classname="ua.goit.calculator.CalculatorTest" name="testLong" time="0"/>
  <testcase classname="ua.goit.calculator.CalculatorTest" name="testDouble" time="0"/>
  <testcase classname="ua.goit.calculator.CalculatorTest" name="testInteger" time="0"/>
</testsuite>